/dev/fs/I/release/x86fre/SFU/interix/locales/messages/C_uxawk
/dev/fs/I/release/x86fre/SFU/interix/locales/messages/C_uxcore
/dev/fs/I/release/x86fre/SFU/interix/locales/messages/C_uxcore.abi
/dev/fs/I/release/x86fre/SFU/interix/locales/messages/C_uxdfm
/dev/fs/I/release/x86fre/SFU/interix/locales/messages/C_uxels
/dev/fs/I/release/x86fre/SFU/interix/locales/messages/C_uxlibc
/dev/fs/I/release/x86fre/SFU/interix/locales/messages/C_uxmesg
/dev/fs/I/release/x86fre/SFU/interix/locales/messages/C_uxsysadm
/dev/fs/I/release/x86fre/SFU/interix/locales/messages/C_uxue
/dev/fs/I/release/x86fre/SFU/interix/locales/messages/C_uxue.abi
/dev/fs/I/release/x86fre/SFU/interix/locales/messages/DE_uxawk
/dev/fs/I/release/x86fre/SFU/interix/locales/messages/DE_uxcore
/dev/fs/I/release/x86fre/SFU/interix/locales/messages/DE_uxcore.abi
/dev/fs/I/release/x86fre/SFU/interix/locales/messages/DE_uxdfm
/dev/fs/I/release/x86fre/SFU/interix/locales/messages/DE_uxels
/dev/fs/I/release/x86fre/SFU/interix/locales/messages/DE_uxlibc
/dev/fs/I/release/x86fre/SFU/interix/locales/messages/DE_uxmesg
/dev/fs/I/release/x86fre/SFU/interix/locales/messages/DE_uxsysadm
/dev/fs/I/release/x86fre/SFU/interix/locales/messages/DE_uxsyserr
/dev/fs/I/release/x86fre/SFU/interix/locales/messages/DE_uxue
/dev/fs/I/release/x86fre/SFU/interix/locales/messages/DE_uxue.abi
/dev/fs/I/release/x86fre/SFU/interix/locales/messages/ES_uxawk
/dev/fs/I/release/x86fre/SFU/interix/locales/messages/ES_uxcore
/dev/fs/I/release/x86fre/SFU/interix/locales/messages/ES_uxcore.abi
/dev/fs/I/release/x86fre/SFU/interix/locales/messages/ES_uxdfm
/dev/fs/I/release/x86fre/SFU/interix/locales/messages/ES_uxels
/dev/fs/I/release/x86fre/SFU/interix/locales/messages/ES_uxlibc
/dev/fs/I/release/x86fre/SFU/interix/locales/messages/ES_uxmesg
/dev/fs/I/release/x86fre/SFU/interix/locales/messages/ES_uxsysadm
/dev/fs/I/release/x86fre/SFU/interix/locales/messages/ES_uxsyserr
/dev/fs/I/release/x86fre/SFU/interix/locales/messages/ES_uxue
/dev/fs/I/release/x86fre/SFU/interix/locales/messages/ES_uxue.abi
/dev/fs/I/release/x86fre/SFU/interix/locales/messages/FR_uxawk
/dev/fs/I/release/x86fre/SFU/interix/locales/messages/FR_uxcore
/dev/fs/I/release/x86fre/SFU/interix/locales/messages/FR_uxcore.abi
/dev/fs/I/release/x86fre/SFU/interix/locales/messages/FR_uxdfm
/dev/fs/I/release/x86fre/SFU/interix/locales/messages/FR_uxels
/dev/fs/I/release/x86fre/SFU/interix/locales/messages/FR_uxlibc
/dev/fs/I/release/x86fre/SFU/interix/locales/messages/FR_uxmesg
/dev/fs/I/release/x86fre/SFU/interix/locales/messages/FR_uxsysadm
/dev/fs/I/release/x86fre/SFU/interix/locales/messages/FR_uxsyserr
/dev/fs/I/release/x86fre/SFU/interix/locales/messages/FR_uxue
/dev/fs/I/release/x86fre/SFU/interix/locales/messages/FR_uxue.abi
/dev/fs/I/release/x86fre/SFU/interix/locales/messages/JA_uxawk
/dev/fs/I/release/x86fre/SFU/interix/locales/messages/JA_uxcore
/dev/fs/I/release/x86fre/SFU/interix/locales/messages/JA_uxcore.abi
/dev/fs/I/release/x86fre/SFU/interix/locales/messages/JA_uxdfm
/dev/fs/I/release/x86fre/SFU/interix/locales/messages/JA_uxels
/dev/fs/I/release/x86fre/SFU/interix/locales/messages/JA_uxlibc
/dev/fs/I/release/x86fre/SFU/interix/locales/messages/JA_uxmesg
/dev/fs/I/release/x86fre/SFU/interix/locales/messages/JA_uxsysadm
/dev/fs/I/release/x86fre/SFU/interix/locales/messages/JA_uxsyserr
/dev/fs/I/release/x86fre/SFU/interix/locales/messages/JA_uxue
/dev/fs/I/release/x86fre/SFU/interix/locales/messages/JA_uxue.abi
/dev/fs/I/release/x86fre/SFU/interix/locales/messages/makefile
/dev/fs/I/release/x86fre/SFU/interix/locales/messages/sources
/dev/fs/I/release/x86fre/SFU/interix/locales/messages/uxawk.htm
/dev/fs/I/release/x86fre/SFU/interix/locales/messages/uxcore.abi.htm
/dev/fs/I/release/x86fre/SFU/interix/locales/messages/uxcore.htm
/dev/fs/I/release/x86fre/SFU/interix/locales/messages/uxdfm.htm
/dev/fs/I/release/x86fre/SFU/interix/locales/messages/uxels.htm
/dev/fs/I/release/x86fre/SFU/interix/locales/messages/uxlibc.htm
/dev/fs/I/release/x86fre/SFU/interix/locales/messages/uxmesg.htm
/dev/fs/I/release/x86fre/SFU/interix/locales/messages/uxsysadm.htm
/dev/fs/I/release/x86fre/SFU/interix/locales/messages/uxsyserr.htm
/dev/fs/I/release/x86fre/SFU/interix/locales/messages/uxue.abi.htm
/dev/fs/I/release/x86fre/SFU/interix/locales/messages/uxue.htm
/dev/fs/I/release/x86fre/SFU/interix/locales/messages/ZH_uxawk
/dev/fs/I/release/x86fre/SFU/interix/locales/messages/ZH_uxcore
/dev/fs/I/release/x86fre/SFU/interix/locales/messages/ZH_uxcore.abi
/dev/fs/I/release/x86fre/SFU/interix/locales/messages/ZH_uxdfm
/dev/fs/I/release/x86fre/SFU/interix/locales/messages/ZH_uxels
/dev/fs/I/release/x86fre/SFU/interix/locales/messages/ZH_uxlibc
/dev/fs/I/release/x86fre/SFU/interix/locales/messages/ZH_uxmesg
/dev/fs/I/release/x86fre/SFU/interix/locales/messages/ZH_uxsysadm
/dev/fs/I/release/x86fre/SFU/interix/locales/messages/ZH_uxsyserr
/dev/fs/I/release/x86fre/SFU/interix/locales/messages/ZH_uxue
/dev/fs/I/release/x86fre/SFU/interix/locales/messages/ZH_uxue.abi
